Removed Pin From Net: NetName=12V Pin=Mx-1-1
Removed Pin From Net: NetName=12V Pin=Mx-2-1
Removed Pin From Net: NetName=NetMx-2_2 Pin=Mx-2-2
Removed Pin From Net: NetName=NetMx-2_3 Pin=Mx-2-3
Removed Pin From Net: NetName=NetMx-2_4 Pin=Mx-2-4
Removed Pin From Net: NetName=NetMx-2_5 Pin=Mx-2-5
Removed Pin From Net: NetName=NetMx-2_6 Pin=Mx-2-6
Removed Pin From Net: NetName=NetMx-2_7 Pin=Mx-2-7
Removed Pin From Net: NetName=NetMx-2_8 Pin=Mx-2-8
Removed Pin From Net: NetName=GND Pin=Q1-3
Removed Pin From Net: NetName=GND Pin=Q2-3
Removed Pin From Net: NetName=GND Pin=Q3-3
Removed Pin From Net: NetName=GND Pin=Q4-3
Removed Pin From Net: NetName=GND Pin=Q5-3
Removed Pin From Net: NetName=GND Pin=Q6-3
Removed Pin From Net: NetName=GND Pin=Q7-3
Removed Member From Class: ClassName=7SegmentDriver Member=Mx-1
Removed Member From Class: ClassName=7SegmentDriver Member=Mx-2
Removed Member From Class: ClassName=7SegmentDriver Member=Q1
Removed Member From Class: ClassName=7SegmentDriver Member=Q2
Removed Member From Class: ClassName=7SegmentDriver Member=Q3
Removed Member From Class: ClassName=7SegmentDriver Member=Q4
Removed Member From Class: ClassName=7SegmentDriver Member=Q5
Removed Member From Class: ClassName=7SegmentDriver Member=Q6
Removed Member From Class: ClassName=7SegmentDriver Member=Q7
Added Component: Designator=J1(IDC 10 Pin)
Add component. Clean all parameters for all variants
Added Pin To Net: NetName=NetMx-2_3 Pin=J1-1
Added Pin To Net: NetName=NetMx-2_2 Pin=J1-2
Added Pin To Net: NetName=NetMx-2_4 Pin=J1-3
Added Pin To Net: NetName=12V Pin=J1-4
Added Pin To Net: NetName=NetMx-2_5 Pin=J1-5
Added Pin To Net: NetName=12V Pin=J1-6
Added Pin To Net: NetName=NetMx-2_6 Pin=J1-7
Added Pin To Net: NetName=12V Pin=J1-8
Added Pin To Net: NetName=NetMx-2_7 Pin=J1-9
Added Pin To Net: NetName=NetMx-2_8 Pin=J1-10
Change Net Name : Old Net Name=NetMx-2_2 New Net Name=NetJ1_2
Change Net Name : Old Net Name=NetMx-2_3 New Net Name=NetJ1_1
Change Net Name : Old Net Name=NetMx-2_4 New Net Name=NetJ1_3
Change Net Name : Old Net Name=NetMx-2_5 New Net Name=NetJ1_5
Change Net Name : Old Net Name=NetMx-2_6 New Net Name=NetJ1_7
Change Net Name : Old Net Name=NetMx-2_7 New Net Name=NetJ1_9
Change Net Name : Old Net Name=NetMx-2_8 New Net Name=NetJ1_10
Added Member To Class: ClassName=7SegmentDriver Member=Component J1 IDC 10Pin
Added Room: Name=7SegmentDriver
