Change Component Designator: OldDesignator=J1 NewDesignator=J3
Change Component Designator: OldDesignator=Q8 NewDesignator=Q15
Change Component Designator: OldDesignator=Q9 NewDesignator=Q16
Change Component Designator: OldDesignator=Q10 NewDesignator=Q17
Change Component Designator: OldDesignator=Q11 NewDesignator=Q18
Change Component Designator: OldDesignator=Q12 NewDesignator=Q19
Change Component Designator: OldDesignator=Q13 NewDesignator=Q20
Change Component Designator: OldDesignator=Q14 NewDesignator=Q21
Added Component: Designator=J1(IDC 10 Pin)
Add component. Clean all parameters for all variants
Added Component: Designator=J2(IDC 10 Pin)
Add component. Clean all parameters for all variants
Added Component: Designator=J4(IDC 10 Pin)
Add component. Clean all parameters for all variants
Added Component: Designator=J5(IDC 10 Pin)
Add component. Clean all parameters for all variants
Added Component: Designator=Q1(SOT23 Handsoldering)
Add component. Clean all parameters for all variants
Added Component: Designator=Q2(SOT23 Handsoldering)
Add component. Clean all parameters for all variants
Added Component: Designator=Q3(SOT23 Handsoldering)
Add component. Clean all parameters for all variants
Added Component: Designator=Q4(SOT23 Handsoldering)
Add component. Clean all parameters for all variants
Added Component: Designator=Q5(SOT23 Handsoldering)
Add component. Clean all parameters for all variants
Added Component: Designator=Q6(SOT23 Handsoldering)
Add component. Clean all parameters for all variants
Added Component: Designator=Q7(SOT23 Handsoldering)
Add component. Clean all parameters for all variants
Added Component: Designator=Q8(SOT23 Handsoldering)
Add component. Clean all parameters for all variants
Added Component: Designator=Q9(SOT23 Handsoldering)
Add component. Clean all parameters for all variants
Added Component: Designator=Q10(SOT23 Handsoldering)
Add component. Clean all parameters for all variants
Added Component: Designator=Q11(SOT23 Handsoldering)
Add component. Clean all parameters for all variants
Added Component: Designator=Q12(SOT23 Handsoldering)
Add component. Clean all parameters for all variants
Added Component: Designator=Q13(SOT23 Handsoldering)
Add component. Clean all parameters for all variants
Added Component: Designator=Q14(SOT23 Handsoldering)
Add component. Clean all parameters for all variants
Added Component: Designator=Q22(SOT23 Handsoldering)
Add component. Clean all parameters for all variants
Added Component: Designator=Q23(SOT23 Handsoldering)
Add component. Clean all parameters for all variants
Added Component: Designator=Q24(SOT23 Handsoldering)
Add component. Clean all parameters for all variants
Added Component: Designator=Q25(SOT23 Handsoldering)
Add component. Clean all parameters for all variants
Added Component: Designator=Q26(SOT23 Handsoldering)
Add component. Clean all parameters for all variants
Added Component: Designator=Q27(SOT23 Handsoldering)
Add component. Clean all parameters for all variants
Added Component: Designator=Q28(SOT23 Handsoldering)
Add component. Clean all parameters for all variants
Added Component: Designator=Q29(SOT23 Handsoldering)
Add component. Clean all parameters for all variants
Added Component: Designator=Q30(SOT23 Handsoldering)
Add component. Clean all parameters for all variants
Added Component: Designator=Q31(SOT23 Handsoldering)
Add component. Clean all parameters for all variants
Added Component: Designator=Q32(SOT23 Handsoldering)
Add component. Clean all parameters for all variants
Added Component: Designator=Q33(SOT23 Handsoldering)
Add component. Clean all parameters for all variants
Added Component: Designator=Q34(SOT23 Handsoldering)
Add component. Clean all parameters for all variants
Added Component: Designator=Q35(SOT23 Handsoldering)
Add component. Clean all parameters for all variants
Added Pin To Net: NetName=12V Pin=J1-3
Added Pin To Net: NetName=12V Pin=J1-5
Added Pin To Net: NetName=12V Pin=J1-7
Added Pin To Net: NetName=12V Pin=J2-3
Added Pin To Net: NetName=12V Pin=J2-5
Added Pin To Net: NetName=12V Pin=J2-7
Added Pin To Net: NetName=12V Pin=J4-3
Added Pin To Net: NetName=12V Pin=J4-5
Added Pin To Net: NetName=12V Pin=J4-7
Added Pin To Net: NetName=12V Pin=J5-3
Added Pin To Net: NetName=12V Pin=J5-5
Added Pin To Net: NetName=12V Pin=J5-7
Added Pin To Net: NetName=GND Pin=Q1-2
Added Pin To Net: NetName=GND Pin=Q2-2
Added Pin To Net: NetName=GND Pin=Q3-2
Added Pin To Net: NetName=GND Pin=Q4-2
Added Pin To Net: NetName=GND Pin=Q5-2
Added Pin To Net: NetName=GND Pin=Q6-2
Added Pin To Net: NetName=GND Pin=Q7-2
Added Pin To Net: NetName=GND Pin=Q8-2
Added Pin To Net: NetName=GND Pin=Q9-2
Added Pin To Net: NetName=GND Pin=Q10-2
Added Pin To Net: NetName=GND Pin=Q11-2
Added Pin To Net: NetName=GND Pin=Q12-2
Added Pin To Net: NetName=GND Pin=Q13-2
Added Pin To Net: NetName=GND Pin=Q14-2
Added Pin To Net: NetName=GND Pin=Q22-2
Added Pin To Net: NetName=GND Pin=Q23-2
Added Pin To Net: NetName=GND Pin=Q24-2
Added Pin To Net: NetName=GND Pin=Q25-2
Added Pin To Net: NetName=GND Pin=Q26-2
Added Pin To Net: NetName=GND Pin=Q27-2
Added Pin To Net: NetName=GND Pin=Q28-2
Added Pin To Net: NetName=GND Pin=Q29-2
Added Pin To Net: NetName=GND Pin=Q30-2
Added Pin To Net: NetName=GND Pin=Q31-2
Added Pin To Net: NetName=GND Pin=Q32-2
Added Pin To Net: NetName=GND Pin=Q33-2
Added Pin To Net: NetName=GND Pin=Q34-2
Added Pin To Net: NetName=GND Pin=Q35-2
Change Net Name : Old Net Name=NetJ1_1 New Net Name=NetJ3_1
Change Net Name : Old Net Name=NetJ1_2 New Net Name=NetJ3_2
Change Net Name : Old Net Name=NetJ1_4 New Net Name=NetJ3_4
Change Net Name : Old Net Name=NetJ1_6 New Net Name=NetJ3_6
Change Net Name : Old Net Name=NetJ1_8 New Net Name=NetJ3_8
Change Net Name : Old Net Name=NetJ1_9 New Net Name=NetJ3_9
Change Net Name : Old Net Name=NetJ1_10 New Net Name=NetJ3_10
Change Net Name : Old Net Name=NetQ8_1 New Net Name=NetQ15_1
Change Net Name : Old Net Name=NetQ9_1 New Net Name=NetQ16_1
Change Net Name : Old Net Name=NetQ10_1 New Net Name=NetQ17_1
Change Net Name : Old Net Name=NetQ11_1 New Net Name=NetQ18_1
Change Net Name : Old Net Name=NetQ12_1 New Net Name=NetQ19_1
Change Net Name : Old Net Name=NetQ13_1 New Net Name=NetQ20_1
Change Net Name : Old Net Name=NetQ14_1 New Net Name=NetQ21_1
Added Pin To Net: NetName=NetJ1_1 Pin=J1-1
Added Pin To Net: NetName=NetJ1_1 Pin=Q1-3
Added Net: Name=NetJ1_1
Added Pin To Net: NetName=NetJ1_2 Pin=J1-2
Added Pin To Net: NetName=NetJ1_2 Pin=Q2-3
Added Net: Name=NetJ1_2
Added Pin To Net: NetName=NetJ1_4 Pin=J1-4
Added Pin To Net: NetName=NetJ1_4 Pin=Q3-3
Added Net: Name=NetJ1_4
Added Pin To Net: NetName=NetJ1_6 Pin=J1-6
Added Pin To Net: NetName=NetJ1_6 Pin=Q4-3
Added Net: Name=NetJ1_6
Added Pin To Net: NetName=NetJ1_8 Pin=J1-8
Added Pin To Net: NetName=NetJ1_8 Pin=Q5-3
Added Net: Name=NetJ1_8
Added Pin To Net: NetName=NetJ1_9 Pin=J1-9
Added Pin To Net: NetName=NetJ1_9 Pin=Q7-3
Added Net: Name=NetJ1_9
Added Pin To Net: NetName=NetJ1_10 Pin=J1-10
Added Pin To Net: NetName=NetJ1_10 Pin=Q6-3
Added Net: Name=NetJ1_10
Added Pin To Net: NetName=NetJ2_1 Pin=J2-1
Added Pin To Net: NetName=NetJ2_1 Pin=Q8-3
Added Net: Name=NetJ2_1
Added Pin To Net: NetName=NetJ2_2 Pin=J2-2
Added Pin To Net: NetName=NetJ2_2 Pin=Q9-3
Added Net: Name=NetJ2_2
Added Pin To Net: NetName=NetJ2_4 Pin=J2-4
Added Pin To Net: NetName=NetJ2_4 Pin=Q10-3
Added Net: Name=NetJ2_4
Added Pin To Net: NetName=NetJ2_6 Pin=J2-6
Added Pin To Net: NetName=NetJ2_6 Pin=Q11-3
Added Net: Name=NetJ2_6
Added Pin To Net: NetName=NetJ2_8 Pin=J2-8
Added Pin To Net: NetName=NetJ2_8 Pin=Q12-3
Added Net: Name=NetJ2_8
Added Pin To Net: NetName=NetJ2_9 Pin=J2-9
Added Pin To Net: NetName=NetJ2_9 Pin=Q14-3
Added Net: Name=NetJ2_9
Added Pin To Net: NetName=NetJ2_10 Pin=J2-10
Added Pin To Net: NetName=NetJ2_10 Pin=Q13-3
Added Net: Name=NetJ2_10
Added Pin To Net: NetName=NetJ4_1 Pin=J4-1
Added Pin To Net: NetName=NetJ4_1 Pin=Q22-3
Added Net: Name=NetJ4_1
Added Pin To Net: NetName=NetJ4_2 Pin=J4-2
Added Pin To Net: NetName=NetJ4_2 Pin=Q23-3
Added Net: Name=NetJ4_2
Added Pin To Net: NetName=NetJ4_4 Pin=J4-4
Added Pin To Net: NetName=NetJ4_4 Pin=Q24-3
Added Net: Name=NetJ4_4
Added Pin To Net: NetName=NetJ4_6 Pin=J4-6
Added Pin To Net: NetName=NetJ4_6 Pin=Q25-3
Added Net: Name=NetJ4_6
Added Pin To Net: NetName=NetJ4_8 Pin=J4-8
Added Pin To Net: NetName=NetJ4_8 Pin=Q26-3
Added Net: Name=NetJ4_8
Added Pin To Net: NetName=NetJ4_9 Pin=J4-9
Added Pin To Net: NetName=NetJ4_9 Pin=Q28-3
Added Net: Name=NetJ4_9
Added Pin To Net: NetName=NetJ4_10 Pin=J4-10
Added Pin To Net: NetName=NetJ4_10 Pin=Q27-3
Added Net: Name=NetJ4_10
Added Pin To Net: NetName=NetJ5_1 Pin=J5-1
Added Pin To Net: NetName=NetJ5_1 Pin=Q29-3
Added Net: Name=NetJ5_1
Added Pin To Net: NetName=NetJ5_2 Pin=J5-2
Added Pin To Net: NetName=NetJ5_2 Pin=Q30-3
Added Net: Name=NetJ5_2
Added Pin To Net: NetName=NetJ5_4 Pin=J5-4
Added Pin To Net: NetName=NetJ5_4 Pin=Q31-3
Added Net: Name=NetJ5_4
Added Pin To Net: NetName=NetJ5_6 Pin=J5-6
Added Pin To Net: NetName=NetJ5_6 Pin=Q32-3
Added Net: Name=NetJ5_6
Added Pin To Net: NetName=NetJ5_8 Pin=J5-8
Added Pin To Net: NetName=NetJ5_8 Pin=Q33-3
Added Net: Name=NetJ5_8
Added Pin To Net: NetName=NetJ5_9 Pin=J5-9
Added Pin To Net: NetName=NetJ5_9 Pin=Q35-3
Added Net: Name=NetJ5_9
Added Pin To Net: NetName=NetJ5_10 Pin=J5-10
Added Pin To Net: NetName=NetJ5_10 Pin=Q34-3
Added Net: Name=NetJ5_10
Added Pin To Net: NetName=NetQ1_1 Pin=Q1-1
Added Pin To Net: NetName=NetQ1_1 Pin=SR1-1
Added Net: Name=NetQ1_1
Added Pin To Net: NetName=NetQ2_1 Pin=Q2-1
Added Pin To Net: NetName=NetQ2_1 Pin=SR1-2
Added Net: Name=NetQ2_1
Added Pin To Net: NetName=NetQ3_1 Pin=Q3-1
Added Pin To Net: NetName=NetQ3_1 Pin=SR1-3
Added Net: Name=NetQ3_1
Added Pin To Net: NetName=NetQ4_1 Pin=Q4-1
Added Pin To Net: NetName=NetQ4_1 Pin=SR1-4
Added Net: Name=NetQ4_1
Added Pin To Net: NetName=NetQ5_1 Pin=Q5-1
Added Pin To Net: NetName=NetQ5_1 Pin=SR1-5
Added Net: Name=NetQ5_1
Added Pin To Net: NetName=NetQ6_1 Pin=Q6-1
Added Pin To Net: NetName=NetQ6_1 Pin=SR1-6
Added Net: Name=NetQ6_1
Added Pin To Net: NetName=NetQ7_1 Pin=Q7-1
Added Pin To Net: NetName=NetQ7_1 Pin=SR1-7
Added Net: Name=NetQ7_1
Added Pin To Net: NetName=NetQ8_1 Pin=Q8-1
Added Pin To Net: NetName=NetQ8_1 Pin=SR2-1
Added Net: Name=NetQ8_1
Added Pin To Net: NetName=NetQ9_1 Pin=Q9-1
Added Pin To Net: NetName=NetQ9_1 Pin=SR2-2
Added Net: Name=NetQ9_1
Added Pin To Net: NetName=NetQ10_1 Pin=Q10-1
Added Pin To Net: NetName=NetQ10_1 Pin=SR2-3
Added Net: Name=NetQ10_1
Added Pin To Net: NetName=NetQ11_1 Pin=Q11-1
Added Pin To Net: NetName=NetQ11_1 Pin=SR2-4
Added Net: Name=NetQ11_1
Added Pin To Net: NetName=NetQ12_1 Pin=Q12-1
Added Pin To Net: NetName=NetQ12_1 Pin=SR2-5
Added Net: Name=NetQ12_1
Added Pin To Net: NetName=NetQ13_1 Pin=Q13-1
Added Pin To Net: NetName=NetQ13_1 Pin=SR2-6
Added Net: Name=NetQ13_1
Added Pin To Net: NetName=NetQ14_1 Pin=Q14-1
Added Pin To Net: NetName=NetQ14_1 Pin=SR2-7
Added Net: Name=NetQ14_1
Added Pin To Net: NetName=NetQ22_1 Pin=Q22-1
Added Pin To Net: NetName=NetQ22_1 Pin=SR4-1
Added Net: Name=NetQ22_1
Added Pin To Net: NetName=NetQ23_1 Pin=Q23-1
Added Pin To Net: NetName=NetQ23_1 Pin=SR4-2
Added Net: Name=NetQ23_1
Added Pin To Net: NetName=NetQ24_1 Pin=Q24-1
Added Pin To Net: NetName=NetQ24_1 Pin=SR4-3
Added Net: Name=NetQ24_1
Added Pin To Net: NetName=NetQ25_1 Pin=Q25-1
Added Pin To Net: NetName=NetQ25_1 Pin=SR4-4
Added Net: Name=NetQ25_1
Added Pin To Net: NetName=NetQ26_1 Pin=Q26-1
Added Pin To Net: NetName=NetQ26_1 Pin=SR4-5
Added Net: Name=NetQ26_1
Added Pin To Net: NetName=NetQ27_1 Pin=Q27-1
Added Pin To Net: NetName=NetQ27_1 Pin=SR4-6
Added Net: Name=NetQ27_1
Added Pin To Net: NetName=NetQ28_1 Pin=Q28-1
Added Pin To Net: NetName=NetQ28_1 Pin=SR4-7
Added Net: Name=NetQ28_1
Added Pin To Net: NetName=NetQ29_1 Pin=Q29-1
Added Pin To Net: NetName=NetQ29_1 Pin=SR5-1
Added Net: Name=NetQ29_1
Added Pin To Net: NetName=NetQ30_1 Pin=Q30-1
Added Pin To Net: NetName=NetQ30_1 Pin=SR5-2
Added Net: Name=NetQ30_1
Added Pin To Net: NetName=NetQ31_1 Pin=Q31-1
Added Pin To Net: NetName=NetQ31_1 Pin=SR5-3
Added Net: Name=NetQ31_1
Added Pin To Net: NetName=NetQ32_1 Pin=Q32-1
Added Pin To Net: NetName=NetQ32_1 Pin=SR5-4
Added Net: Name=NetQ32_1
Added Pin To Net: NetName=NetQ33_1 Pin=Q33-1
Added Pin To Net: NetName=NetQ33_1 Pin=SR5-5
Added Net: Name=NetQ33_1
Added Pin To Net: NetName=NetQ34_1 Pin=Q34-1
Added Pin To Net: NetName=NetQ34_1 Pin=SR5-6
Added Net: Name=NetQ34_1
Added Pin To Net: NetName=NetQ35_1 Pin=Q35-1
Added Pin To Net: NetName=NetQ35_1 Pin=SR5-7
Added Net: Name=NetQ35_1
Added Member To Class: ClassName=7SegmentDriver Member=Component J2 IDC 10Pin
Added Member To Class: ClassName=7SegmentDriver Member=Component J3 IDC 10Pin
Added Member To Class: ClassName=7SegmentDriver Member=Component J4 IDC 10Pin
Added Member To Class: ClassName=7SegmentDriver Member=Component J5 IDC 10Pin
Added Member To Class: ClassName=7SegmentDriver Member=Component Q1 ?
Added Member To Class: ClassName=7SegmentDriver Member=Component Q2 ?
Added Member To Class: ClassName=7SegmentDriver Member=Component Q3 ?
Added Member To Class: ClassName=7SegmentDriver Member=Component Q4 ?
Added Member To Class: ClassName=7SegmentDriver Member=Component Q5 ?
Added Member To Class: ClassName=7SegmentDriver Member=Component Q6 ?
Added Member To Class: ClassName=7SegmentDriver Member=Component Q7 ?
Added Member To Class: ClassName=7SegmentDriver Member=Component Q15 ?
Added Member To Class: ClassName=7SegmentDriver Member=Component Q16 ?
Added Member To Class: ClassName=7SegmentDriver Member=Component Q17 ?
Added Member To Class: ClassName=7SegmentDriver Member=Component Q18 ?
Added Member To Class: ClassName=7SegmentDriver Member=Component Q19 ?
Added Member To Class: ClassName=7SegmentDriver Member=Component Q20 ?
Added Member To Class: ClassName=7SegmentDriver Member=Component Q21 ?
Added Member To Class: ClassName=7SegmentDriver Member=Component Q22 ?
Added Member To Class: ClassName=7SegmentDriver Member=Component Q23 ?
Added Member To Class: ClassName=7SegmentDriver Member=Component Q24 ?
Added Member To Class: ClassName=7SegmentDriver Member=Component Q25 ?
Added Member To Class: ClassName=7SegmentDriver Member=Component Q26 ?
Added Member To Class: ClassName=7SegmentDriver Member=Component Q27 ?
Added Member To Class: ClassName=7SegmentDriver Member=Component Q28 ?
Added Member To Class: ClassName=7SegmentDriver Member=Component Q29 ?
Added Member To Class: ClassName=7SegmentDriver Member=Component Q30 ?
Added Member To Class: ClassName=7SegmentDriver Member=Component Q31 ?
Added Member To Class: ClassName=7SegmentDriver Member=Component Q32 ?
Added Member To Class: ClassName=7SegmentDriver Member=Component Q33 ?
Added Member To Class: ClassName=7SegmentDriver Member=Component Q34 ?
Added Member To Class: ClassName=7SegmentDriver Member=Component Q35 ?
