Added Component: Designator=J1(IDC 10 Pin)
Add component. Clean all parameters for all variants
Added Component: Designator=Mx-1(Molex kk 254 5p)
Add component. Clean all parameters for all variants
Added Component: Designator=Mx-2(Molex kk 254 5p)
Add component. Clean all parameters for all variants
Added Component: Designator=Mx-3(Molex kk 254 3p)
Add component. Clean all parameters for all variants
Added Component: Designator=Q1(SOT23 Handsoldering)
Add component. Clean all parameters for all variants
Added Component: Designator=Q2(SOT23 Handsoldering)
Add component. Clean all parameters for all variants
Added Component: Designator=Q3(SOT23 Handsoldering)
Add component. Clean all parameters for all variants
Added Component: Designator=Q4(SOT23 Handsoldering)
Add component. Clean all parameters for all variants
Added Component: Designator=Q5(SOT23 Handsoldering)
Add component. Clean all parameters for all variants
Added Component: Designator=Q6(SOT23 Handsoldering)
Add component. Clean all parameters for all variants
Added Component: Designator=Q7(SOT23 Handsoldering)
Add component. Clean all parameters for all variants
Added Component: Designator=Q8(SOT23 Handsoldering)
Add component. Clean all parameters for all variants
Added Component: Designator=SR1(74HC595N)
Add component. Clean all parameters for all variants
Added Pin To Net: NetName=NetJ1_1 Pin=J1-1
Added Pin To Net: NetName=NetJ1_2 Pin=J1-2
Added Pin To Net: NetName=NetJ1_3 Pin=J1-3
Added Pin To Net: NetName=NetJ1_4 Pin=J1-4
Added Pin To Net: NetName=12V Pin=J1-5
Added Pin To Net: NetName=12V Pin=J1-6
Added Pin To Net: NetName=NetJ1_7 Pin=J1-7
Added Pin To Net: NetName=NetJ1_8 Pin=J1-8
Added Pin To Net: NetName=NetJ1_9 Pin=J1-9
Added Pin To Net: NetName=NetJ1_10 Pin=J1-10
Added Pin To Net: NetName=GND Pin=Mx-1-1
Added Pin To Net: NetName=Data-In Pin=Mx-1-2
Added Pin To Net: NetName=Clock Pin=Mx-1-3
Added Pin To Net: NetName=Latch Pin=Mx-1-4
Added Pin To Net: NetName=OE Pin=Mx-1-5
Added Pin To Net: NetName=GND Pin=Mx-2-1
Added Pin To Net: NetName=Data-Out Pin=Mx-2-2
Added Pin To Net: NetName=Clock Pin=Mx-2-3
Added Pin To Net: NetName=Latch Pin=Mx-2-4
Added Pin To Net: NetName=OE Pin=Mx-2-5
Added Pin To Net: NetName=GND Pin=Mx-3-1
Added Pin To Net: NetName=5V Pin=Mx-3-2
Added Pin To Net: NetName=12V Pin=Mx-3-3
Added Pin To Net: NetName=NetQ1_1 Pin=Q1-1
Added Pin To Net: NetName=GND Pin=Q1-2
Added Pin To Net: NetName=NetJ1_3 Pin=Q1-3
Added Pin To Net: NetName=NetQ2_1 Pin=Q2-1
Added Pin To Net: NetName=GND Pin=Q2-2
Added Pin To Net: NetName=NetJ1_1 Pin=Q2-3
Added Pin To Net: NetName=NetQ3_1 Pin=Q3-1
Added Pin To Net: NetName=GND Pin=Q3-2
Added Pin To Net: NetName=NetJ1_2 Pin=Q3-3
Added Pin To Net: NetName=NetQ4_1 Pin=Q4-1
Added Pin To Net: NetName=GND Pin=Q4-2
Added Pin To Net: NetName=NetJ1_4 Pin=Q4-3
Added Pin To Net: NetName=NetQ5_1 Pin=Q5-1
Added Pin To Net: NetName=GND Pin=Q5-2
Added Pin To Net: NetName=NetJ1_8 Pin=Q5-3
Added Pin To Net: NetName=NetQ6_1 Pin=Q6-1
Added Pin To Net: NetName=GND Pin=Q6-2
Added Pin To Net: NetName=NetJ1_10 Pin=Q6-3
Added Pin To Net: NetName=NetQ7_1 Pin=Q7-1
Added Pin To Net: NetName=GND Pin=Q7-2
Added Pin To Net: NetName=NetJ1_9 Pin=Q7-3
Added Pin To Net: NetName=NetQ8_1 Pin=Q8-1
Added Pin To Net: NetName=GND Pin=Q8-2
Added Pin To Net: NetName=NetJ1_7 Pin=Q8-3
Added Pin To Net: NetName=NetQ2_1 Pin=SR1-1
Added Pin To Net: NetName=NetQ3_1 Pin=SR1-2
Added Pin To Net: NetName=NetQ4_1 Pin=SR1-3
Added Pin To Net: NetName=NetQ5_1 Pin=SR1-4
Added Pin To Net: NetName=NetQ6_1 Pin=SR1-5
Added Pin To Net: NetName=NetQ7_1 Pin=SR1-6
Added Pin To Net: NetName=NetQ8_1 Pin=SR1-7
Added Pin To Net: NetName=GND Pin=SR1-8
Added Pin To Net: NetName=Data-Out Pin=SR1-9
Added Pin To Net: NetName=5V Pin=SR1-10
Added Pin To Net: NetName=Clock Pin=SR1-11
Added Pin To Net: NetName=Latch Pin=SR1-12
Added Pin To Net: NetName=OE Pin=SR1-13
Added Pin To Net: NetName=Data-In Pin=SR1-14
Added Pin To Net: NetName=NetQ1_1 Pin=SR1-15
Added Pin To Net: NetName=5V Pin=SR1-16
Added Member To Class: ClassName=7SegmentDriver Member=Component J1 IDC 10Pin
Added Member To Class: ClassName=7SegmentDriver Member=Component Mx-1 Molex kk 254 5p
Added Member To Class: ClassName=7SegmentDriver Member=Component Mx-2 Molex kk 254 5p
Added Member To Class: ClassName=7SegmentDriver Member=Component Mx-3 Molex kk 254 3p
Added Member To Class: ClassName=7SegmentDriver Member=Component Q1 ?
Added Member To Class: ClassName=7SegmentDriver Member=Component Q2 ?
Added Member To Class: ClassName=7SegmentDriver Member=Component Q3 ?
Added Member To Class: ClassName=7SegmentDriver Member=Component Q4 ?
Added Member To Class: ClassName=7SegmentDriver Member=Component Q5 ?
Added Member To Class: ClassName=7SegmentDriver Member=Component Q6 ?
Added Member To Class: ClassName=7SegmentDriver Member=Component Q7 ?
Added Member To Class: ClassName=7SegmentDriver Member=Component Q8 ?
Added Member To Class: ClassName=7SegmentDriver Member=Component SR1 74HC595N
Added Room: Name=7SegmentDriver
