Removed Pin From Net: NetName=NetQ1_1 Pin=RN1-2
Removed Pin From Net: NetName=NetQ2_1 Pin=RN1-3
Removed Pin From Net: NetName=NetQ3_1 Pin=RN1-4
Removed Pin From Net: NetName=NetQ4_1 Pin=RN1-5
Removed Pin From Net: NetName=NetQ5_1 Pin=RN1-6
Removed Pin From Net: NetName=NetQ6_1 Pin=RN1-7
Removed Pin From Net: NetName=NetQ7_1 Pin=RN1-8
Removed Pin From Net: NetName=NetQ8_1 Pin=RN1-9
Added Pin To Net: NetName=NetQ8_1 Pin=RN1-2
Added Pin To Net: NetName=NetQ7_1 Pin=RN1-3
Added Pin To Net: NetName=NetQ6_1 Pin=RN1-4
Added Pin To Net: NetName=NetQ5_1 Pin=RN1-5
Added Pin To Net: NetName=NetQ4_1 Pin=RN1-6
Added Pin To Net: NetName=NetQ3_1 Pin=RN1-7
Added Pin To Net: NetName=NetQ2_1 Pin=RN1-8
Added Pin To Net: NetName=NetQ1_1 Pin=RN1-9
Added Member To Class: ClassName=7SegmentDriver Member=Component CLK  
Added Member To Class: ClassName=7SegmentDriver Member=Component GND  
Added Member To Class: ClassName=7SegmentDriver Member=Component LAT  
Added Member To Class: ClassName=7SegmentDriver Member=Component OE  
