Removed Pin From Net: NetName=12V Pin=J1-3
Removed Pin From Net: NetName=12V Pin=J1-7
Removed Pin From Net: NetName=12V Pin=J2-3
Removed Pin From Net: NetName=12V Pin=J2-5
Removed Pin From Net: NetName=12V Pin=J2-7
Removed Pin From Net: NetName=12V Pin=J3-3
Removed Pin From Net: NetName=12V Pin=J3-5
Removed Pin From Net: NetName=12V Pin=J3-7
Removed Pin From Net: NetName=12V Pin=J4-3
Removed Pin From Net: NetName=12V Pin=J4-5
Removed Pin From Net: NetName=12V Pin=J4-7
Removed Pin From Net: NetName=12V Pin=J5-3
Removed Pin From Net: NetName=12V Pin=J5-5
Removed Pin From Net: NetName=12V Pin=J5-7
Removed Pin From Net: NetName=NetJ1_1 Pin=Q1-3
Removed Pin From Net: NetName=NetJ1_2 Pin=Q2-3
Removed Pin From Net: NetName=NetJ1_4 Pin=Q3-3
Removed Pin From Net: NetName=GND Pin=Q9-2
Removed Pin From Net: NetName=GND Pin=Q10-2
Removed Pin From Net: NetName=GND Pin=Q11-2
Removed Pin From Net: NetName=GND Pin=Q12-2
Removed Pin From Net: NetName=GND Pin=Q13-2
Removed Pin From Net: NetName=GND Pin=Q14-2
Removed Pin From Net: NetName=GND Pin=Q15-2
Removed Pin From Net: NetName=GND Pin=Q16-2
Removed Pin From Net: NetName=GND Pin=Q17-2
Removed Pin From Net: NetName=GND Pin=Q18-2
Removed Pin From Net: NetName=GND Pin=Q19-2
Removed Pin From Net: NetName=GND Pin=Q20-2
Removed Pin From Net: NetName=GND Pin=Q21-2
Removed Pin From Net: NetName=GND Pin=Q22-2
Removed Pin From Net: NetName=GND Pin=Q23-2
Removed Pin From Net: NetName=GND Pin=Q24-2
Removed Pin From Net: NetName=GND Pin=Q25-2
Removed Pin From Net: NetName=GND Pin=Q26-2
Removed Pin From Net: NetName=GND Pin=Q27-2
Removed Pin From Net: NetName=GND Pin=Q28-2
Removed Pin From Net: NetName=GND Pin=Q29-2
Removed Pin From Net: NetName=GND Pin=Q30-2
Removed Pin From Net: NetName=GND Pin=Q31-2
Removed Pin From Net: NetName=GND Pin=Q32-2
Removed Pin From Net: NetName=GND Pin=Q33-2
Removed Pin From Net: NetName=GND Pin=Q34-2
Removed Pin From Net: NetName=GND Pin=Q35-2
Removed Pin From Net: NetName=NetQ1_1 Pin=SR1-1
Removed Pin From Net: NetName=NetQ2_1 Pin=SR1-2
Removed Pin From Net: NetName=NetQ3_1 Pin=SR1-3
Removed Pin From Net: NetName=NetQ4_1 Pin=SR1-4
Removed Pin From Net: NetName=NetQ5_1 Pin=SR1-5
Removed Pin From Net: NetName=NetQ6_1 Pin=SR1-6
Removed Pin From Net: NetName=NetQ7_1 Pin=SR1-7
Removed Pin From Net: NetName=NetQ8_1 Pin=SR2-1
Removed Pin From Net: NetName=GND Pin=SR2-8
Removed Pin From Net: NetName=5V Pin=SR2-10
Removed Pin From Net: NetName=Clock Pin=SR2-11
Removed Pin From Net: NetName=Latch Pin=SR2-12
Removed Pin From Net: NetName=OE Pin=SR2-13
Removed Pin From Net: NetName=NetSR1_9 Pin=SR2-14
Removed Pin From Net: NetName=5V Pin=SR2-16
Removed Pin From Net: NetName=GND Pin=SR3-8
Removed Pin From Net: NetName=5V Pin=SR3-10
Removed Pin From Net: NetName=Clock Pin=SR3-11
Removed Pin From Net: NetName=Latch Pin=SR3-12
Removed Pin From Net: NetName=OE Pin=SR3-13
Removed Pin From Net: NetName=5V Pin=SR3-16
Removed Pin From Net: NetName=GND Pin=SR4-8
Removed Pin From Net: NetName=5V Pin=SR4-10
Removed Pin From Net: NetName=Clock Pin=SR4-11
Removed Pin From Net: NetName=Latch Pin=SR4-12
Removed Pin From Net: NetName=OE Pin=SR4-13
Removed Pin From Net: NetName=5V Pin=SR4-16
Removed Pin From Net: NetName=GND Pin=SR5-8
Removed Pin From Net: NetName=5V Pin=SR5-10
Removed Pin From Net: NetName=Clock Pin=SR5-11
Removed Pin From Net: NetName=Latch Pin=SR5-12
Removed Pin From Net: NetName=OE Pin=SR5-13
Removed Pin From Net: NetName=5V Pin=SR5-16
Removed Member From Class: ClassName=7SegmentDriver Member=J2
Removed Member From Class: ClassName=7SegmentDriver Member=J3
Removed Member From Class: ClassName=7SegmentDriver Member=J4
Removed Member From Class: ClassName=7SegmentDriver Member=J5
Removed Member From Class: ClassName=7SegmentDriver Member=Q15
Removed Member From Class: ClassName=7SegmentDriver Member=Q16
Removed Member From Class: ClassName=7SegmentDriver Member=Q17
Removed Member From Class: ClassName=7SegmentDriver Member=Q18
Removed Member From Class: ClassName=7SegmentDriver Member=Q19
Removed Member From Class: ClassName=7SegmentDriver Member=Q20
Removed Member From Class: ClassName=7SegmentDriver Member=Q21
Removed Member From Class: ClassName=7SegmentDriver Member=Q22
Removed Member From Class: ClassName=7SegmentDriver Member=Q23
Removed Member From Class: ClassName=7SegmentDriver Member=Q24
Removed Member From Class: ClassName=7SegmentDriver Member=Q25
Removed Member From Class: ClassName=7SegmentDriver Member=Q26
Removed Member From Class: ClassName=7SegmentDriver Member=Q27
Removed Member From Class: ClassName=7SegmentDriver Member=Q28
Removed Member From Class: ClassName=7SegmentDriver Member=Q29
Removed Member From Class: ClassName=7SegmentDriver Member=Q30
Removed Member From Class: ClassName=7SegmentDriver Member=Q31
Removed Member From Class: ClassName=7SegmentDriver Member=Q32
Removed Member From Class: ClassName=7SegmentDriver Member=Q33
Removed Member From Class: ClassName=7SegmentDriver Member=Q34
Removed Member From Class: ClassName=7SegmentDriver Member=Q35
Removed Member From Class: ClassName=7SegmentDriver Member=SR2
Removed Member From Class: ClassName=7SegmentDriver Member=SR3
Removed Member From Class: ClassName=7SegmentDriver Member=SR4
Removed Member From Class: ClassName=7SegmentDriver Member=SR5
Added Component: Designator=Mx-1(Molex kk 254 5p)
Add component. Clean all parameters for all variants
Added Component: Designator=Mx-2(Molex kk 254 5p)
Add component. Clean all parameters for all variants
Added Component: Designator=Mx-3(Molex kk 254 3p)
Add component. Clean all parameters for all variants
Added Pin To Net: NetName=12V Pin=J1-6
Added Pin To Net: NetName=GND Pin=Mx-1-1
Added Pin To Net: NetName=Data Pin=Mx-1-2
Added Pin To Net: NetName=Clock Pin=Mx-1-3
Added Pin To Net: NetName=Latch Pin=Mx-1-4
Added Pin To Net: NetName=OE Pin=Mx-1-5
Added Pin To Net: NetName=GND Pin=Mx-2-1
Added Pin To Net: NetName=NetSR1_9 Pin=Mx-2-2
Added Pin To Net: NetName=Clock Pin=Mx-2-3
Added Pin To Net: NetName=Latch Pin=Mx-2-4
Added Pin To Net: NetName=OE Pin=Mx-2-5
Added Pin To Net: NetName=GND Pin=Mx-3-1
Added Pin To Net: NetName=5V Pin=Mx-3-2
Added Pin To Net: NetName=12V Pin=Mx-3-3
Added Pin To Net: NetName=NetJ1_1 Pin=Q2-3
Added Pin To Net: NetName=NetJ1_2 Pin=Q3-3
Added Pin To Net: NetName=NetJ1_4 Pin=Q4-3
Added Pin To Net: NetName=NetQ2_1 Pin=SR1-1
Added Pin To Net: NetName=NetQ3_1 Pin=SR1-2
Added Pin To Net: NetName=NetQ4_1 Pin=SR1-3
Added Pin To Net: NetName=NetQ5_1 Pin=SR1-4
Added Pin To Net: NetName=NetQ6_1 Pin=SR1-5
Added Pin To Net: NetName=NetQ7_1 Pin=SR1-6
Added Pin To Net: NetName=NetQ8_1 Pin=SR1-7
Added Pin To Net: NetName=NetQ1_1 Pin=SR1-15
Change Net Name : Old Net Name=Data New Net Name=Data-In
Change Net Name : Old Net Name=NetSR1_9 New Net Name=Data-Out
Added Pin To Net: NetName=NetJ1_3 Pin=J1-3
Added Pin To Net: NetName=NetJ1_3 Pin=Q1-3
Added Net: Name=NetJ1_3
Added Pin To Net: NetName=NetJ1_7 Pin=J1-7
Added Pin To Net: NetName=NetJ1_7 Pin=Q8-3
Added Net: Name=NetJ1_7
Added Member To Class: ClassName=7SegmentDriver Member=Component J1 IDC 10Pin
Added Member To Class: ClassName=7SegmentDriver Member=Component Mx-1 Molex kk 254 5p
Added Member To Class: ClassName=7SegmentDriver Member=Component Mx-2 Molex kk 254 5p
Added Member To Class: ClassName=7SegmentDriver Member=Component Mx-3 Molex kk 254 3p
Added Member To Class: ClassName=7SegmentDriver Member=Component Q8 ?
Added Room: Name=7SegmentDriver
